2026-04-26 11:32:19 INFO  traceId= com.alipay.business.web.Main - Starting Main using Java 21.0.9 with PID 38827 (/Users/adam/IdeaProjects/iwallet/app/web/target/classes started by adam in /Users/adam/IdeaProjects/iwallet)
2026-04-26 11:32:19 INFO  traceId= com.alipay.business.web.Main - No active profile set, falling back to 1 default profile: "default"
2026-04-26 11:32:20 WARN  traceId= org.springframework.context.support.PostProcessorRegistrationDelegate$BeanPostProcessorChecker - Bean 'asyncInitMethodManager' of type [com.alipay.sofa.runtime.async.AsyncInitMethodManager] is not eligible for getting processed by all BeanPostProcessors (for example: not eligible for auto-proxying). Is this bean getting eagerly injected/applied to a currently created BeanPostProcessor [asyncProxyBeanPostProcessor]? Check the corresponding BeanPostProcessor declaration and its dependencies/advisors. If this bean does not have to be post-processed, declare it with ROLE_INFRASTRUCTURE.
2026-04-26 11:32:20 INFO  traceId= org.springframework.boot.web.embedded.tomcat.TomcatWebServer - Tomcat initialized with port 8180 (http)
2026-04-26 11:32:20 INFO  traceId= org.apache.coyote.http11.Http11NioProtocol - Initializing ProtocolHandler ["http-nio-0.0.0.0-8180"]
2026-04-26 11:32:20 INFO  traceId= org.apache.catalina.core.StandardService - Starting service [Tomcat]
2026-04-26 11:32:20 INFO  traceId= org.apache.catalina.core.StandardEngine - Starting Servlet engine: [Apache Tomcat/10.1.46]
2026-04-26 11:32:20 INFO  traceId= org.apache.catalina.core.ContainerBase.[Tomcat].[localhost].[/] - Initializing Spring embedded WebApplicationContext
2026-04-26 11:32:20 INFO  traceId= org.springframework.boot.web.servlet.context.ServletWebServerApplicationContext - Root WebApplicationContext: initialization completed in 751 ms
2026-04-26 11:32:20 INFO  traceId= org.javamoney.moneta.DefaultMonetaryContextFactory - Using custom MathContext: precision=256, roundingMode=HALF_EVEN
2026-04-26 11:32:21 INFO  traceId= org.springframework.security.config.annotation.authentication.configuration.InitializeUserDetailsBeanManagerConfigurer$InitializeUserDetailsManagerConfigurer - Global AuthenticationManager configured with UserDetailsService bean with name inMemoryUserDetailsManager
2026-04-26 11:32:22 INFO  traceId= org.springframework.messaging.simp.broker.SimpleBrokerMessageHandler - Starting...
2026-04-26 11:32:22 INFO  traceId= org.springframework.messaging.simp.broker.SimpleBrokerMessageHandler - BrokerAvailabilityEvent[available=true, SimpleBrokerMessageHandler [org.springframework.messaging.simp.broker.DefaultSubscriptionRegistry@4131f6db]]
2026-04-26 11:32:22 INFO  traceId= org.springframework.messaging.simp.broker.SimpleBrokerMessageHandler - Started.
2026-04-26 11:32:22 INFO  traceId= org.apache.coyote.http11.Http11NioProtocol - Starting ProtocolHandler ["http-nio-0.0.0.0-8180"]
2026-04-26 11:32:22 INFO  traceId= org.springframework.boot.web.embedded.tomcat.TomcatWebServer - Tomcat started on port 8180 (http) with context path '/'
2026-04-26 11:32:22 INFO  traceId= org.apache.kafka.clients.consumer.ConsumerConfig - ConsumerConfig values: 
	allow.auto.create.topics = true
	auto.commit.interval.ms = 5000
	auto.include.jmx.reporter = true
	auto.offset.reset = earliest
	bootstrap.servers = [localhost:9093]
	check.crcs = true
	client.dns.lookup = use_all_dns_ips
	client.id = consumer-business-center-1
	client.rack = 
	connections.max.idle.ms = 540000
	default.api.timeout.ms = 60000
	enable.auto.commit = false
	enable.metrics.push = true
	exclude.internal.topics = true
	fetch.max.bytes = 52428800
	fetch.max.wait.ms = 500
	fetch.min.bytes = 1
	group.id = business-center
	group.instance.id = null
	group.protocol = classic
	group.remote.assignor = null
	heartbeat.interval.ms = 3000
	interceptor.classes = []
	internal.leave.group.on.close = true
	internal.throw.on.fetch.stable.offset.unsupported = false
	isolation.level = read_uncommitted
	key.deserializer = class org.apache.kafka.common.serialization.StringDeserializer
	max.partition.fetch.bytes = 1048576
	max.poll.interval.ms = 300000
	max.poll.records = 500
	metadata.max.age.ms = 300000
	metadata.recovery.strategy = none
	metric.reporters = []
	metrics.num.samples = 2
	metrics.recording.level = INFO
	metrics.sample.window.ms = 30000
	partition.assignment.strategy = [class org.apache.kafka.clients.consumer.RangeAssignor, class org.apache.kafka.clients.consumer.CooperativeStickyAssignor]
	receive.buffer.bytes = 65536
	reconnect.backoff.max.ms = 1000
	reconnect.backoff.ms = 50
	request.timeout.ms = 30000
	retry.backoff.max.ms = 1000
	retry.backoff.ms = 100
	sasl.client.callback.handler.class = null
	sasl.jaas.config = null
	sasl.kerberos.kinit.cmd = /usr/bin/kinit
	sasl.kerberos.min.time.before.relogin = 60000
	sasl.kerberos.service.name = null
	sasl.kerberos.ticket.renew.jitter = 0.05
	sasl.kerberos.ticket.renew.window.factor = 0.8
	sasl.login.callback.handler.class = null
	sasl.login.class = null
	sasl.login.connect.timeout.ms = null
	sasl.login.read.timeout.ms = null
	sasl.login.refresh.buffer.seconds = 300
	sasl.login.refresh.min.period.seconds = 60
	sasl.login.refresh.window.factor = 0.8
	sasl.login.refresh.window.jitter = 0.05
	sasl.login.retry.backoff.max.ms = 10000
	sasl.login.retry.backoff.ms = 100
	sasl.mechanism = GSSAPI
	sasl.oauthbearer.clock.skew.seconds = 30
	sasl.oauthbearer.expected.audience = null
	sasl.oauthbearer.expected.issuer = null
	sasl.oauthbearer.header.urlencode = false
	sasl.oauthbearer.jwks.endpoint.refresh.ms = 3600000
	sasl.oauthbearer.jwks.endpoint.retry.backoff.max.ms = 10000
	sasl.oauthbearer.jwks.endpoint.retry.backoff.ms = 100
	sasl.oauthbearer.jwks.endpoint.url = null
	sasl.oauthbearer.scope.claim.name = scope
	sasl.oauthbearer.sub.claim.name = sub
	sasl.oauthbearer.token.endpoint.url = null
	security.protocol = PLAINTEXT
	security.providers = null
	send.buffer.bytes = 131072
	session.timeout.ms = 45000
	socket.connection.setup.timeout.max.ms = 30000
	socket.connection.setup.timeout.ms = 10000
	ssl.cipher.suites = null
	ssl.enabled.protocols = [TLSv1.2, TLSv1.3]
	ssl.endpoint.identification.algorithm = https
	ssl.engine.factory.class = null
	ssl.key.password = null
	ssl.keymanager.algorithm = SunX509
	ssl.keystore.certificate.chain = null
	ssl.keystore.key = null
	ssl.keystore.location = null
	ssl.keystore.password = null
	ssl.keystore.type = JKS
	ssl.protocol = TLSv1.3
	ssl.provider = null
	ssl.secure.random.implementation = null
	ssl.trustmanager.algorithm = PKIX
	ssl.truststore.certificates = null
	ssl.truststore.location = null
	ssl.truststore.password = null
	ssl.truststore.type = JKS
	value.deserializer = class org.springframework.kafka.support.serializer.JsonDeserializer

2026-04-26 11:32:22 INFO  traceId= org.apache.kafka.common.telemetry.internals.KafkaMetricsCollector - initializing Kafka metrics collector
2026-04-26 11:32:22 INFO  traceId= org.apache.kafka.clients.consumer.ConsumerConfig - These configurations '[spring.deserializer.value.delegate.class]' were supplied but are not used yet.
2026-04-26 11:32:22 INFO  traceId= org.apache.kafka.common.utils.AppInfoParser - Kafka version: 3.9.1
2026-04-26 11:32:22 INFO  traceId= org.apache.kafka.common.utils.AppInfoParser - Kafka commitId: f745dfdcee2b9851
2026-04-26 11:32:22 INFO  traceId= org.apache.kafka.common.utils.AppInfoParser - Kafka startTimeMs: 1777167142632
2026-04-26 11:32:22 INFO  traceId= org.apache.kafka.clients.consumer.internals.ClassicKafkaConsumer - [Consumer clientId=consumer-business-center-1, groupId=business-center] Subscribed to topic(s): EC_TRANSACTION_RESULT
2026-04-26 11:32:22 INFO  traceId= org.apache.kafka.clients.consumer.ConsumerConfig - ConsumerConfig values: 
	allow.auto.create.topics = true
	auto.commit.interval.ms = 5000
	auto.include.jmx.reporter = true
	auto.offset.reset = earliest
	bootstrap.servers = [localhost:9093]
	check.crcs = true
	client.dns.lookup = use_all_dns_ips
	client.id = consumer-business-center-2
	client.rack = 
	connections.max.idle.ms = 540000
	default.api.timeout.ms = 60000
	enable.auto.commit = false
	enable.metrics.push = true
	exclude.internal.topics = true
	fetch.max.bytes = 52428800
	fetch.max.wait.ms = 500
	fetch.min.bytes = 1
	group.id = business-center
	group.instance.id = null
	group.protocol = classic
	group.remote.assignor = null
	heartbeat.interval.ms = 3000
	interceptor.classes = []
	internal.leave.group.on.close = true
	internal.throw.on.fetch.stable.offset.unsupported = false
	isolation.level = read_uncommitted
	key.deserializer = class org.apache.kafka.common.serialization.StringDeserializer
	max.partition.fetch.bytes = 1048576
	max.poll.interval.ms = 300000
	max.poll.records = 500
	metadata.max.age.ms = 300000
	metadata.recovery.strategy = none
	metric.reporters = []
	metrics.num.samples = 2
	metrics.recording.level = INFO
	metrics.sample.window.ms = 30000
	partition.assignment.strategy = [class org.apache.kafka.clients.consumer.RangeAssignor, class org.apache.kafka.clients.consumer.CooperativeStickyAssignor]
	receive.buffer.bytes = 65536
	reconnect.backoff.max.ms = 1000
	reconnect.backoff.ms = 50
	request.timeout.ms = 30000
	retry.backoff.max.ms = 1000
	retry.backoff.ms = 100
	sasl.client.callback.handler.class = null
	sasl.jaas.config = null
	sasl.kerberos.kinit.cmd = /usr/bin/kinit
	sasl.kerberos.min.time.before.relogin = 60000
	sasl.kerberos.service.name = null
	sasl.kerberos.ticket.renew.jitter = 0.05
	sasl.kerberos.ticket.renew.window.factor = 0.8
	sasl.login.callback.handler.class = null
	sasl.login.class = null
	sasl.login.connect.timeout.ms = null
	sasl.login.read.timeout.ms = null
	sasl.login.refresh.buffer.seconds = 300
	sasl.login.refresh.min.period.seconds = 60
	sasl.login.refresh.window.factor = 0.8
	sasl.login.refresh.window.jitter = 0.05
	sasl.login.retry.backoff.max.ms = 10000
	sasl.login.retry.backoff.ms = 100
	sasl.mechanism = GSSAPI
	sasl.oauthbearer.clock.skew.seconds = 30
	sasl.oauthbearer.expected.audience = null
	sasl.oauthbearer.expected.issuer = null
	sasl.oauthbearer.header.urlencode = false
	sasl.oauthbearer.jwks.endpoint.refresh.ms = 3600000
	sasl.oauthbearer.jwks.endpoint.retry.backoff.max.ms = 10000
	sasl.oauthbearer.jwks.endpoint.retry.backoff.ms = 100
	sasl.oauthbearer.jwks.endpoint.url = null
	sasl.oauthbearer.scope.claim.name = scope
	sasl.oauthbearer.sub.claim.name = sub
	sasl.oauthbearer.token.endpoint.url = null
	security.protocol = PLAINTEXT
	security.providers = null
	send.buffer.bytes = 131072
	session.timeout.ms = 45000
	socket.connection.setup.timeout.max.ms = 30000
	socket.connection.setup.timeout.ms = 10000
	ssl.cipher.suites = null
	ssl.enabled.protocols = [TLSv1.2, TLSv1.3]
	ssl.endpoint.identification.algorithm = https
	ssl.engine.factory.class = null
	ssl.key.password = null
	ssl.keymanager.algorithm = SunX509
	ssl.keystore.certificate.chain = null
	ssl.keystore.key = null
	ssl.keystore.location = null
	ssl.keystore.password = null
	ssl.keystore.type = JKS
	ssl.protocol = TLSv1.3
	ssl.provider = null
	ssl.secure.random.implementation = null
	ssl.trustmanager.algorithm = PKIX
	ssl.truststore.certificates = null
	ssl.truststore.location = null
	ssl.truststore.password = null
	ssl.truststore.type = JKS
	value.deserializer = class org.springframework.kafka.support.serializer.JsonDeserializer

2026-04-26 11:32:22 INFO  traceId= org.apache.kafka.common.telemetry.internals.KafkaMetricsCollector - initializing Kafka metrics collector
2026-04-26 11:32:22 INFO  traceId= org.apache.kafka.clients.consumer.ConsumerConfig - These configurations '[spring.deserializer.value.delegate.class]' were supplied but are not used yet.
2026-04-26 11:32:22 INFO  traceId= org.apache.kafka.common.utils.AppInfoParser - Kafka version: 3.9.1
2026-04-26 11:32:22 INFO  traceId= org.apache.kafka.common.utils.AppInfoParser - Kafka commitId: f745dfdcee2b9851
2026-04-26 11:32:22 INFO  traceId= org.apache.kafka.common.utils.AppInfoParser - Kafka startTimeMs: 1777167142645
2026-04-26 11:32:22 INFO  traceId= org.apache.kafka.clients.consumer.internals.ClassicKafkaConsumer - [Consumer clientId=consumer-business-center-2, groupId=business-center] Subscribed to topic(s): EC_AUTO_RELOAD
2026-04-26 11:32:22 INFO  traceId= org.apache.kafka.clients.consumer.ConsumerConfig - ConsumerConfig values: 
	allow.auto.create.topics = true
	auto.commit.interval.ms = 5000
	auto.include.jmx.reporter = true
	auto.offset.reset = earliest
	bootstrap.servers = [localhost:9093]
	check.crcs = true
	client.dns.lookup = use_all_dns_ips
	client.id = consumer-topup-group-3
	client.rack = 
	connections.max.idle.ms = 540000
	default.api.timeout.ms = 60000
	enable.auto.commit = false
	enable.metrics.push = true
	exclude.internal.topics = true
	fetch.max.bytes = 52428800
	fetch.max.wait.ms = 500
	fetch.min.bytes = 1
	group.id = topup-group
	group.instance.id = null
	group.protocol = classic
	group.remote.assignor = null
	heartbeat.interval.ms = 3000
	interceptor.classes = []
	internal.leave.group.on.close = true
	internal.throw.on.fetch.stable.offset.unsupported = false
	isolation.level = read_uncommitted
	key.deserializer = class org.apache.kafka.common.serialization.StringDeserializer
	max.partition.fetch.bytes = 1048576
	max.poll.interval.ms = 300000
	max.poll.records = 500
	metadata.max.age.ms = 300000
	metadata.recovery.strategy = none
	metric.reporters = []
	metrics.num.samples = 2
	metrics.recording.level = INFO
	metrics.sample.window.ms = 30000
	partition.assignment.strategy = [class org.apache.kafka.clients.consumer.RangeAssignor, class org.apache.kafka.clients.consumer.CooperativeStickyAssignor]
	receive.buffer.bytes = 65536
	reconnect.backoff.max.ms = 1000
	reconnect.backoff.ms = 50
	request.timeout.ms = 30000
	retry.backoff.max.ms = 1000
	retry.backoff.ms = 100
	sasl.client.callback.handler.class = null
	sasl.jaas.config = null
	sasl.kerberos.kinit.cmd = /usr/bin/kinit
	sasl.kerberos.min.time.before.relogin = 60000
	sasl.kerberos.service.name = null
	sasl.kerberos.ticket.renew.jitter = 0.05
	sasl.kerberos.ticket.renew.window.factor = 0.8
	sasl.login.callback.handler.class = null
	sasl.login.class = null
	sasl.login.connect.timeout.ms = null
	sasl.login.read.timeout.ms = null
	sasl.login.refresh.buffer.seconds = 300
	sasl.login.refresh.min.period.seconds = 60
	sasl.login.refresh.window.factor = 0.8
	sasl.login.refresh.window.jitter = 0.05
	sasl.login.retry.backoff.max.ms = 10000
	sasl.login.retry.backoff.ms = 100
	sasl.mechanism = GSSAPI
	sasl.oauthbearer.clock.skew.seconds = 30
	sasl.oauthbearer.expected.audience = null
	sasl.oauthbearer.expected.issuer = null
	sasl.oauthbearer.header.urlencode = false
	sasl.oauthbearer.jwks.endpoint.refresh.ms = 3600000
	sasl.oauthbearer.jwks.endpoint.retry.backoff.max.ms = 10000
	sasl.oauthbearer.jwks.endpoint.retry.backoff.ms = 100
	sasl.oauthbearer.jwks.endpoint.url = null
	sasl.oauthbearer.scope.claim.name = scope
	sasl.oauthbearer.sub.claim.name = sub
	sasl.oauthbearer.token.endpoint.url = null
	security.protocol = PLAINTEXT
	security.providers = null
	send.buffer.bytes = 131072
	session.timeout.ms = 45000
	socket.connection.setup.timeout.max.ms = 30000
	socket.connection.setup.timeout.ms = 10000
	ssl.cipher.suites = null
	ssl.enabled.protocols = [TLSv1.2, TLSv1.3]
	ssl.endpoint.identification.algorithm = https
	ssl.engine.factory.class = null
	ssl.key.password = null
	ssl.keymanager.algorithm = SunX509
	ssl.keystore.certificate.chain = null
	ssl.keystore.key = null
	ssl.keystore.location = null
	ssl.keystore.password = null
	ssl.keystore.type = JKS
	ssl.protocol = TLSv1.3
	ssl.provider = null
	ssl.secure.random.implementation = null
	ssl.trustmanager.algorithm = PKIX
	ssl.truststore.certificates = null
	ssl.truststore.location = null
	ssl.truststore.password = null
	ssl.truststore.type = JKS
	value.deserializer = class org.springframework.kafka.support.serializer.JsonDeserializer

2026-04-26 11:32:22 INFO  traceId= org.apache.kafka.common.telemetry.internals.KafkaMetricsCollector - initializing Kafka metrics collector
2026-04-26 11:32:22 INFO  traceId= org.apache.kafka.clients.consumer.ConsumerConfig - These configurations '[spring.deserializer.value.delegate.class]' were supplied but are not used yet.
2026-04-26 11:32:22 INFO  traceId= org.apache.kafka.common.utils.AppInfoParser - Kafka version: 3.9.1
2026-04-26 11:32:22 INFO  traceId= org.apache.kafka.common.utils.AppInfoParser - Kafka commitId: f745dfdcee2b9851
2026-04-26 11:32:22 INFO  traceId= org.apache.kafka.common.utils.AppInfoParser - Kafka startTimeMs: 1777167142648
2026-04-26 11:32:22 INFO  traceId= org.apache.kafka.clients.consumer.internals.ClassicKafkaConsumer - [Consumer clientId=consumer-topup-group-3, groupId=topup-group] Subscribed to topic(s): TOP_UP_SUCCESS
2026-04-26 11:32:22 INFO  traceId= com.alipay.business.web.Main - Started Main in 3.37 seconds (process running for 4.041)
2026-04-26 11:32:23 INFO  traceId= org.apache.kafka.clients.Metadata - [Consumer clientId=consumer-business-center-1, groupId=business-center] Cluster ID: fKjjel0xSaq5QLf7tu0wXA
2026-04-26 11:32:23 INFO  traceId= org.apache.kafka.clients.Metadata - [Consumer clientId=consumer-business-center-2, groupId=business-center] Cluster ID: fKjjel0xSaq5QLf7tu0wXA
2026-04-26 11:32:23 INFO  traceId= org.apache.kafka.clients.Metadata - [Consumer clientId=consumer-topup-group-3, groupId=topup-group] Cluster ID: fKjjel0xSaq5QLf7tu0wXA
2026-04-26 11:32:23 INFO  traceId= org.apache.kafka.clients.consumer.internals.ConsumerCoordinator - [Consumer clientId=consumer-topup-group-3, groupId=topup-group] Discovered group coordinator localhost:9093 (id: 2147483646 rack: null)
2026-04-26 11:32:23 INFO  traceId= org.apache.kafka.clients.consumer.internals.ConsumerCoordinator - [Consumer clientId=consumer-business-center-1, groupId=business-center] Discovered group coordinator localhost:9093 (id: 2147483646 rack: null)
2026-04-26 11:32:23 INFO  traceId= org.apache.kafka.clients.consumer.internals.ConsumerCoordinator - [Consumer clientId=consumer-business-center-2, groupId=business-center] Discovered group coordinator localhost:9093 (id: 2147483646 rack: null)
2026-04-26 11:32:23 INFO  traceId= org.apache.kafka.clients.consumer.internals.ConsumerCoordinator - [Consumer clientId=consumer-business-center-1, groupId=business-center] (Re-)joining group
2026-04-26 11:32:23 INFO  traceId= org.apache.kafka.clients.consumer.internals.ConsumerCoordinator - [Consumer clientId=consumer-topup-group-3, groupId=topup-group] (Re-)joining group
2026-04-26 11:32:23 INFO  traceId= org.apache.kafka.clients.consumer.internals.ConsumerCoordinator - [Consumer clientId=consumer-business-center-2, groupId=business-center] (Re-)joining group
2026-04-26 11:32:23 INFO  traceId= org.apache.kafka.clients.consumer.internals.ConsumerCoordinator - [Consumer clientId=consumer-topup-group-3, groupId=topup-group] Request joining group due to: need to re-join with the given member-id: consumer-topup-group-3-82562228-060f-46b2-9188-ba7a9cc18f31
2026-04-26 11:32:23 INFO  traceId= org.apache.kafka.clients.consumer.internals.ConsumerCoordinator - [Consumer clientId=consumer-business-center-2, groupId=business-center] Request joining group due to: need to re-join with the given member-id: consumer-business-center-2-eafa314f-2d23-4458-8c36-5930a3f8891a
2026-04-26 11:32:23 INFO  traceId= org.apache.kafka.clients.consumer.internals.ConsumerCoordinator - [Consumer clientId=consumer-business-center-1, groupId=business-center] Request joining group due to: need to re-join with the given member-id: consumer-business-center-1-6ea1e38e-8cd5-4e83-9e6c-858dffe5410d
2026-04-26 11:32:23 INFO  traceId= org.apache.kafka.clients.consumer.internals.ConsumerCoordinator - [Consumer clientId=consumer-topup-group-3, groupId=topup-group] (Re-)joining group
2026-04-26 11:32:23 INFO  traceId= org.apache.kafka.clients.consumer.internals.ConsumerCoordinator - [Consumer clientId=consumer-business-center-2, groupId=business-center] (Re-)joining group
2026-04-26 11:32:23 INFO  traceId= org.apache.kafka.clients.consumer.internals.ConsumerCoordinator - [Consumer clientId=consumer-business-center-1, groupId=business-center] (Re-)joining group
2026-04-26 11:32:26 INFO  traceId= org.apache.kafka.clients.consumer.internals.ConsumerCoordinator - [Consumer clientId=consumer-business-center-1, groupId=business-center] Successfully joined group with generation Generation{generationId=313, memberId='consumer-business-center-1-6ea1e38e-8cd5-4e83-9e6c-858dffe5410d', protocol='range'}
2026-04-26 11:32:26 INFO  traceId= org.apache.kafka.clients.consumer.internals.ConsumerCoordinator - [Consumer clientId=consumer-business-center-2, groupId=business-center] Successfully joined group with generation Generation{generationId=313, memberId='consumer-business-center-2-eafa314f-2d23-4458-8c36-5930a3f8891a', protocol='range'}
2026-04-26 11:32:26 INFO  traceId= org.apache.kafka.clients.consumer.internals.ConsumerCoordinator - [Consumer clientId=consumer-topup-group-3, groupId=topup-group] Successfully joined group with generation Generation{generationId=119, memberId='consumer-topup-group-3-82562228-060f-46b2-9188-ba7a9cc18f31', protocol='range'}
2026-04-26 11:32:26 INFO  traceId= org.apache.kafka.clients.consumer.internals.ConsumerCoordinator - [Consumer clientId=consumer-topup-group-3, groupId=topup-group] Finished assignment for group at generation 119: {consumer-topup-group-3-82562228-060f-46b2-9188-ba7a9cc18f31=Assignment(partitions=[TOP_UP_SUCCESS-0])}
2026-04-26 11:32:26 INFO  traceId= org.apache.kafka.clients.consumer.internals.ConsumerCoordinator - [Consumer clientId=consumer-business-center-2, groupId=business-center] Finished assignment for group at generation 313: {consumer-business-center-2-eafa314f-2d23-4458-8c36-5930a3f8891a=Assignment(partitions=[EC_AUTO_RELOAD-0]), consumer-business-center-1-6ea1e38e-8cd5-4e83-9e6c-858dffe5410d=Assignment(partitions=[EC_TRANSACTION_RESULT-0])}
2026-04-26 11:32:26 INFO  traceId= org.apache.kafka.clients.consumer.internals.ConsumerCoordinator - [Consumer clientId=consumer-business-center-2, groupId=business-center] Successfully synced group in generation Generation{generationId=313, memberId='consumer-business-center-2-eafa314f-2d23-4458-8c36-5930a3f8891a', protocol='range'}
2026-04-26 11:32:26 INFO  traceId= org.apache.kafka.clients.consumer.internals.ConsumerCoordinator - [Consumer clientId=consumer-business-center-1, groupId=business-center] Successfully synced group in generation Generation{generationId=313, memberId='consumer-business-center-1-6ea1e38e-8cd5-4e83-9e6c-858dffe5410d', protocol='range'}
2026-04-26 11:32:26 INFO  traceId= org.apache.kafka.clients.consumer.internals.ConsumerCoordinator - [Consumer clientId=consumer-topup-group-3, groupId=topup-group] Successfully synced group in generation Generation{generationId=119, memberId='consumer-topup-group-3-82562228-060f-46b2-9188-ba7a9cc18f31', protocol='range'}
2026-04-26 11:32:26 INFO  traceId= org.apache.kafka.clients.consumer.internals.ConsumerCoordinator - [Consumer clientId=consumer-topup-group-3, groupId=topup-group] Notifying assignor about the new Assignment(partitions=[TOP_UP_SUCCESS-0])
2026-04-26 11:32:26 INFO  traceId= org.apache.kafka.clients.consumer.internals.ConsumerCoordinator - [Consumer clientId=consumer-business-center-1, groupId=business-center] Notifying assignor about the new Assignment(partitions=[EC_TRANSACTION_RESULT-0])
2026-04-26 11:32:26 INFO  traceId= org.apache.kafka.clients.consumer.internals.ConsumerCoordinator - [Consumer clientId=consumer-business-center-2, groupId=business-center] Notifying assignor about the new Assignment(partitions=[EC_AUTO_RELOAD-0])
2026-04-26 11:32:26 INFO  traceId= org.apache.kafka.clients.consumer.internals.ConsumerRebalanceListenerInvoker - [Consumer clientId=consumer-topup-group-3, groupId=topup-group] Adding newly assigned partitions: TOP_UP_SUCCESS-0
2026-04-26 11:32:26 INFO  traceId= org.apache.kafka.clients.consumer.internals.ConsumerRebalanceListenerInvoker - [Consumer clientId=consumer-business-center-2, groupId=business-center] Adding newly assigned partitions: EC_AUTO_RELOAD-0
2026-04-26 11:32:26 INFO  traceId= org.apache.kafka.clients.consumer.internals.ConsumerRebalanceListenerInvoker - [Consumer clientId=consumer-business-center-1, groupId=business-center] Adding newly assigned partitions: EC_TRANSACTION_RESULT-0
2026-04-26 11:32:26 INFO  traceId= org.apache.kafka.clients.consumer.internals.ConsumerUtils - Setting offset for partition EC_TRANSACTION_RESULT-0 to the committed offset FetchPosition{offset=173, offsetEpoch=Optional.empty, currentLeader=LeaderAndEpoch{leader=Optional[localhost:9093 (id: 1 rack: null)], epoch=0}}
2026-04-26 11:32:26 INFO  traceId= org.apache.kafka.clients.consumer.internals.ConsumerUtils - Setting offset for partition TOP_UP_SUCCESS-0 to the committed offset FetchPosition{offset=43, offsetEpoch=Optional.empty, currentLeader=LeaderAndEpoch{leader=Optional[localhost:9093 (id: 1 rack: null)], epoch=0}}
2026-04-26 11:32:26 INFO  traceId= org.apache.kafka.clients.consumer.internals.ConsumerUtils - Setting offset for partition EC_AUTO_RELOAD-0 to the committed offset FetchPosition{offset=18, offsetEpoch=Optional.empty, currentLeader=LeaderAndEpoch{leader=Optional[localhost:9093 (id: 1 rack: null)], epoch=0}}
2026-04-26 11:32:26 INFO  traceId= org.springframework.kafka.listener.KafkaMessageListenerContainer - topup-group: partitions assigned: [TOP_UP_SUCCESS-0]
2026-04-26 11:32:26 INFO  traceId= org.springframework.kafka.listener.KafkaMessageListenerContainer - business-center: partitions assigned: [EC_TRANSACTION_RESULT-0]
2026-04-26 11:32:26 INFO  traceId= org.springframework.kafka.listener.KafkaMessageListenerContainer - business-center: partitions assigned: [EC_AUTO_RELOAD-0]
2026-04-26 11:32:39 INFO  traceId= org.apache.catalina.core.ContainerBase.[Tomcat].[localhost].[/] - Initializing Spring DispatcherServlet 'dispatcherServlet'
2026-04-26 11:32:39 INFO  traceId= org.springframework.web.servlet.DispatcherServlet - Initializing Servlet 'dispatcherServlet'
2026-04-26 11:32:39 INFO  traceId= org.springframework.web.servlet.DispatcherServlet - Completed initialization in 2 ms
2026-04-26 11:32:39 INFO  traceId=6e527856-6e58-48f4-aae1-46acfe6a2534 com.alipay.business.web.TraceIdFilter - Starting request: POST /business/qr/generateQrCode.json
2026-04-26 11:32:39 INFO  traceId=6e527856-6e58-48f4-aae1-46acfe6a2534 RISK-BIZ-SERVICE - service request[[com.alipay.business.common.service.facade.request.GenerateQrCodeRequest@2a4d2dea]
2026-04-26 11:32:39 ERROR traceId=6e527856-6e58-48f4-aae1-46acfe6a2534 RISK-BIZ-SERVICE - service process unexpected exception[[com.alipay.business.common.service.facade.request.GenerateQrCodeRequest@2a4d2dea]
com.alipay.business.core.model.exception.BaseSlipException: Parameter Illegal:merchantId should not be blank
	at com.alipay.business.core.model.util.AssertUtil.check(AssertUtil.java:50)
	at com.alipay.business.core.model.util.AssertUtil.isTrue(AssertUtil.java:31)
	at com.alipay.business.biz.service.impl.qr.PayerToMerchantHandler.validate(PayerToMerchantHandler.java:34)
	at com.alipay.business.biz.service.impl.business.impl.QrCodeServiceImpl$1.process(QrCodeServiceImpl.java:55)
	at com.alipay.business.biz.service.impl.business.impl.QrCodeServiceImpl$1.process(QrCodeServiceImpl.java:38)
	at com.alipay.business.biz.service.impl.template.BusinessServiceTemplate.execute(BusinessServiceTemplate.java:53)
	at com.alipay.business.biz.service.impl.business.impl.QrCodeServiceImpl.generateQrCode(QrCodeServiceImpl.java:37)
	at com.alipay.business.web.QrController.generateQrCode(QrController.java:32)
	at java.base/jdk.internal.reflect.DirectMethodHandleAccessor.invoke(DirectMethodHandleAccessor.java:103)
	at java.base/java.lang.reflect.Method.invoke(Method.java:580)
	at org.springframework.web.method.support.InvocableHandlerMethod.doInvoke(InvocableHandlerMethod.java:258)
	at org.springframework.web.method.support.InvocableHandlerMethod.invokeForRequest(InvocableHandlerMethod.java:191)
	at org.springframework.web.servlet.mvc.method.annotation.ServletInvocableHandlerMethod.invokeAndHandle(ServletInvocableHandlerMethod.java:118)
	at org.springframework.web.servlet.mvc.method.annotation.RequestMappingHandlerAdapter.invokeHandlerMethod(RequestMappingHandlerAdapter.java:991)
	at org.springframework.web.servlet.mvc.method.annotation.RequestMappingHandlerAdapter.handleInternal(RequestMappingHandlerAdapter.java:896)
	at org.springframework.web.servlet.mvc.method.AbstractHandlerMethodAdapter.handle(AbstractHandlerMethodAdapter.java:87)
	at org.springframework.web.servlet.DispatcherServlet.doDispatch(DispatcherServlet.java:1089)
	at org.springframework.web.servlet.DispatcherServlet.doService(DispatcherServlet.java:979)
	at org.springframework.web.servlet.FrameworkServlet.processRequest(FrameworkServlet.java:1014)
	at org.springframework.web.servlet.FrameworkServlet.doPost(FrameworkServlet.java:914)
	at jakarta.servlet.http.HttpServlet.service(HttpServlet.java:590)
	at org.springframework.web.servlet.FrameworkServlet.service(FrameworkServlet.java:885)
	at jakarta.servlet.http.HttpServlet.service(HttpServlet.java:658)
	at org.apache.catalina.core.ApplicationFilterChain.internalDoFilter(ApplicationFilterChain.java:195)
	at org.apache.catalina.core.ApplicationFilterChain.doFilter(ApplicationFilterChain.java:140)
	at org.apache.tomcat.websocket.server.WsFilter.doFilter(WsFilter.java:51)
	at org.apache.catalina.core.ApplicationFilterChain.internalDoFilter(ApplicationFilterChain.java:164)
	at org.apache.catalina.core.ApplicationFilterChain.doFilter(ApplicationFilterChain.java:140)
	at com.alipay.business.biz.service.impl.auth.JwtAuthenticationFilter.doFilterInternal(JwtAuthenticationFilter.java:52)
	at org.springframework.web.filter.OncePerRequestFilter.doFilter(OncePerRequestFilter.java:116)
	at org.apache.catalina.core.ApplicationFilterChain.internalDoFilter(ApplicationFilterChain.java:164)
	at org.apache.catalina.core.ApplicationFilterChain.doFilter(ApplicationFilterChain.java:140)
	at com.alipay.business.web.TraceIdFilter.doFilter(TraceIdFilter.java:46)
	at org.apache.catalina.core.ApplicationFilterChain.internalDoFilter(ApplicationFilterChain.java:164)
	at org.apache.catalina.core.ApplicationFilterChain.doFilter(ApplicationFilterChain.java:140)
	at org.springframework.web.filter.CompositeFilter$VirtualFilterChain.doFilter(CompositeFilter.java:108)
	at org.springframework.web.filter.CompositeFilter$VirtualFilterChain.doFilter(CompositeFilter.java:108)
	at org.springframework.security.web.FilterChainProxy.lambda$doFilterInternal$3(FilterChainProxy.java:231)
	at org.springframework.security.web.FilterChainProxy$VirtualFilterChain.doFilter(FilterChainProxy.java:365)
	at org.springframework.security.web.access.intercept.AuthorizationFilter.doFilter(AuthorizationFilter.java:101)
	at org.springframework.security.web.FilterChainProxy$VirtualFilterChain.doFilter(FilterChainProxy.java:374)
	at org.springframework.security.web.access.ExceptionTranslationFilter.doFilter(ExceptionTranslationFilter.java:125)
	at org.springframework.security.web.access.ExceptionTranslationFilter.doFilter(ExceptionTranslationFilter.java:119)
	at org.springframework.security.web.FilterChainProxy$VirtualFilterChain.doFilter(FilterChainProxy.java:374)
	at org.springframework.security.web.authentication.AnonymousAuthenticationFilter.doFilter(AnonymousAuthenticationFilter.java:100)
	at org.springframework.security.web.FilterChainProxy$VirtualFilterChain.doFilter(FilterChainProxy.java:374)
	at org.springframework.security.web.servletapi.SecurityContextHolderAwareRequestFilter.doFilter(SecurityContextHolderAwareRequestFilter.java:179)
	at org.springframework.security.web.FilterChainProxy$VirtualFilterChain.doFilter(FilterChainProxy.java:374)
	at org.springframework.security.web.savedrequest.RequestCacheAwareFilter.doFilter(RequestCacheAwareFilter.java:63)
	at org.springframework.security.web.FilterChainProxy$VirtualFilterChain.doFilter(FilterChainProxy.java:374)
	at org.springframework.security.web.authentication.logout.LogoutFilter.doFilter(LogoutFilter.java:107)
	at org.springframework.security.web.authentication.logout.LogoutFilter.doFilter(LogoutFilter.java:93)
	at org.springframework.security.web.FilterChainProxy$VirtualFilterChain.doFilter(FilterChainProxy.java:374)
	at org.springframework.web.filter.OncePerRequestFilter.doFilter(OncePerRequestFilter.java:110)
	at org.springframework.security.web.FilterChainProxy$VirtualFilterChain.doFilter(FilterChainProxy.java:374)
	at org.springframework.web.filter.CorsFilter.doFilterInternal(CorsFilter.java:91)
	at org.springframework.web.filter.OncePerRequestFilter.doFilter(OncePerRequestFilter.java:116)
	at org.springframework.security.web.FilterChainProxy$VirtualFilterChain.doFilter(FilterChainProxy.java:374)
	at org.springframework.security.web.header.HeaderWriterFilter.doHeadersAfter(HeaderWriterFilter.java:90)
	at org.springframework.security.web.header.HeaderWriterFilter.doFilterInternal(HeaderWriterFilter.java:75)
	at org.springframework.web.filter.OncePerRequestFilter.doFilter(OncePerRequestFilter.java:116)
	at org.springframework.security.web.FilterChainProxy$VirtualFilterChain.doFilter(FilterChainProxy.java:374)
	at org.springframework.security.web.context.SecurityContextHolderFilter.doFilter(SecurityContextHolderFilter.java:82)
	at org.springframework.security.web.context.SecurityContextHolderFilter.doFilter(SecurityContextHolderFilter.java:69)
	at org.springframework.security.web.FilterChainProxy$VirtualFilterChain.doFilter(FilterChainProxy.java:374)
	at org.springframework.security.web.context.request.async.WebAsyncManagerIntegrationFilter.doFilterInternal(WebAsyncManagerIntegrationFilter.java:62)
	at org.springframework.web.filter.OncePerRequestFilter.doFilter(OncePerRequestFilter.java:116)
	at org.springframework.security.web.FilterChainProxy$VirtualFilterChain.doFilter(FilterChainProxy.java:374)
	at org.springframework.security.web.session.DisableEncodeUrlFilter.doFilterInternal(DisableEncodeUrlFilter.java:42)
	at org.springframework.web.filter.OncePerRequestFilter.doFilter(OncePerRequestFilter.java:116)
	at org.springframework.security.web.FilterChainProxy$VirtualFilterChain.doFilter(FilterChainProxy.java:374)
	at org.springframework.security.web.FilterChainProxy.doFilterInternal(FilterChainProxy.java:233)
	at org.springframework.security.web.FilterChainProxy.doFilter(FilterChainProxy.java:191)
	at org.springframework.web.filter.CompositeFilter$VirtualFilterChain.doFilter(CompositeFilter.java:113)
	at org.springframework.web.filter.ServletRequestPathFilter.doFilter(ServletRequestPathFilter.java:52)
	at org.springframework.web.filter.CompositeFilter$VirtualFilterChain.doFilter(CompositeFilter.java:113)
	at org.springframework.web.filter.CompositeFilter.doFilter(CompositeFilter.java:74)
	at org.springframework.security.config.annotation.web.configuration.WebSecurityConfiguration$CompositeFilterChainProxy.doFilter(WebSecurityConfiguration.java:319)
	at org.springframework.web.filter.CompositeFilter$VirtualFilterChain.doFilter(CompositeFilter.java:113)
	at org.springframework.web.servlet.handler.HandlerMappingIntrospector.lambda$createCacheFilter$4(HandlerMappingIntrospector.java:267)
	at org.springframework.web.filter.CompositeFilter$VirtualFilterChain.doFilter(CompositeFilter.java:113)
	at org.springframework.web.filter.CompositeFilter.doFilter(CompositeFilter.java:74)
	at org.springframework.security.config.annotation.web.configuration.WebMvcSecurityConfiguration$CompositeFilterChainProxy.doFilter(WebMvcSecurityConfiguration.java:240)
	at org.springframework.web.filter.DelegatingFilterProxy.invokeDelegate(DelegatingFilterProxy.java:362)
	at org.springframework.web.filter.DelegatingFilterProxy.doFilter(DelegatingFilterProxy.java:278)
	at org.apache.catalina.core.ApplicationFilterChain.internalDoFilter(ApplicationFilterChain.java:164)
	at org.apache.catalina.core.ApplicationFilterChain.doFilter(ApplicationFilterChain.java:140)
	at org.springframework.web.filter.RequestContextFilter.doFilterInternal(RequestContextFilter.java:100)
	at org.springframework.web.filter.OncePerRequestFilter.doFilter(OncePerRequestFilter.java:116)
	at org.apache.catalina.core.ApplicationFilterChain.internalDoFilter(ApplicationFilterChain.java:164)
	at org.apache.catalina.core.ApplicationFilterChain.doFilter(ApplicationFilterChain.java:140)
	at org.springframework.web.filter.FormContentFilter.doFilterInternal(FormContentFilter.java:93)
	at org.springframework.web.filter.OncePerRequestFilter.doFilter(OncePerRequestFilter.java:116)
	at org.apache.catalina.core.ApplicationFilterChain.internalDoFilter(ApplicationFilterChain.java:164)
	at org.apache.catalina.core.ApplicationFilterChain.doFilter(ApplicationFilterChain.java:140)
	at org.springframework.web.filter.CharacterEncodingFilter.doFilterInternal(CharacterEncodingFilter.java:201)
	at org.springframework.web.filter.OncePerRequestFilter.doFilter(OncePerRequestFilter.java:116)
	at org.apache.catalina.core.ApplicationFilterChain.internalDoFilter(ApplicationFilterChain.java:164)
	at org.apache.catalina.core.ApplicationFilterChain.doFilter(ApplicationFilterChain.java:140)
	at org.apache.catalina.core.StandardWrapperValve.invoke(StandardWrapperValve.java:167)
	at org.apache.catalina.core.StandardContextValve.invoke(StandardContextValve.java:90)
	at org.apache.catalina.authenticator.AuthenticatorBase.invoke(AuthenticatorBase.java:483)
	at org.apache.catalina.core.StandardHostValve.invoke(StandardHostValve.java:116)
	at org.apache.catalina.valves.ErrorReportValve.invoke(ErrorReportValve.java:93)
	at org.apache.catalina.core.StandardEngineValve.invoke(StandardEngineValve.java:74)
	at org.apache.catalina.connector.CoyoteAdapter.service(CoyoteAdapter.java:344)
	at org.apache.coyote.http11.Http11Processor.service(Http11Processor.java:398)
	at org.apache.coyote.AbstractProcessorLight.process(AbstractProcessorLight.java:63)
	at org.apache.coyote.AbstractProtocol$ConnectionHandler.process(AbstractProtocol.java:903)
	at org.apache.tomcat.util.net.NioEndpoint$SocketProcessor.doRun(NioEndpoint.java:1776)
	at org.apache.tomcat.util.net.SocketProcessorBase.run(SocketProcessorBase.java:52)
	at org.apache.tomcat.util.threads.ThreadPoolExecutor.runWorker(ThreadPoolExecutor.java:975)
	at org.apache.tomcat.util.threads.ThreadPoolExecutor$Worker.run(ThreadPoolExecutor.java:493)
	at org.apache.tomcat.util.threads.TaskThread$WrappingRunnable.run(TaskThread.java:63)
	at java.base/java.lang.Thread.run(Thread.java:1583)
2026-04-26 11:32:39 INFO  traceId=6e527856-6e58-48f4-aae1-46acfe6a2534 RISK-BIZ-SERVICE - service result[[com.alipay.business.common.service.facade.baseresult.BusinessBizResult@4a9cf76e]] [request =[com.alipay.business.common.service.facade.request.GenerateQrCodeRequest@2a4d2dea]
2026-04-26 11:32:39 INFO  traceId=6e527856-6e58-48f4-aae1-46acfe6a2534 com.alipay.business.web.TraceIdFilter - Finished request: POST /business/qr/generateQrCode.json - Status: 200
2026-04-26 11:33:12 INFO  traceId=9caa2120-61a5-4e35-b015-33eb6bb1b90d com.alipay.business.web.TraceIdFilter - Starting request: POST /business/qr/generateQrCode.json
2026-04-26 11:33:12 INFO  traceId=9caa2120-61a5-4e35-b015-33eb6bb1b90d RISK-BIZ-SERVICE - service request[[com.alipay.business.common.service.facade.request.GenerateQrCodeRequest@e08da66]
2026-04-26 11:39:30 INFO  traceId= org.apache.kafka.clients.NetworkClient - [Consumer clientId=consumer-topup-group-3, groupId=topup-group] Disconnecting from node 1 due to request timeout.
2026-04-26 11:39:30 INFO  traceId= org.apache.kafka.clients.NetworkClient - [Consumer clientId=consumer-business-center-1, groupId=business-center] Disconnecting from node 1 due to request timeout.
2026-04-26 11:39:30 INFO  traceId= org.apache.kafka.clients.NetworkClient - [Consumer clientId=consumer-business-center-2, groupId=business-center] Disconnecting from node 1 due to request timeout.
2026-04-26 11:39:30 ERROR traceId=9caa2120-61a5-4e35-b015-33eb6bb1b90d RISK-BIZ-SERVICE - service process unexpected exception[[com.alipay.business.common.service.facade.request.GenerateQrCodeRequest@e08da66]
com.alipay.business.core.model.exception.BaseSlipException: Parameter Illegal:merchantId should not be blank
	at com.alipay.business.core.model.util.AssertUtil.check(AssertUtil.java:50)
	at com.alipay.business.core.model.util.AssertUtil.isTrue(AssertUtil.java:31)
	at com.alipay.business.biz.service.impl.qr.PayerToMerchantHandler.validate(PayerToMerchantHandler.java:34)
	at com.alipay.business.biz.service.impl.business.impl.QrCodeServiceImpl$1.process(QrCodeServiceImpl.java:55)
	at com.alipay.business.biz.service.impl.business.impl.QrCodeServiceImpl$1.process(QrCodeServiceImpl.java:38)
	at com.alipay.business.biz.service.impl.template.BusinessServiceTemplate.execute(BusinessServiceTemplate.java:53)
	at com.alipay.business.biz.service.impl.business.impl.QrCodeServiceImpl.generateQrCode(QrCodeServiceImpl.java:37)
	at com.alipay.business.web.QrController.generateQrCode(QrController.java:32)
	at java.base/jdk.internal.reflect.DirectMethodHandleAccessor.invoke(DirectMethodHandleAccessor.java:103)
	at java.base/java.lang.reflect.Method.invoke(Method.java:580)
	at org.springframework.web.method.support.InvocableHandlerMethod.doInvoke(InvocableHandlerMethod.java:258)
	at org.springframework.web.method.support.InvocableHandlerMethod.invokeForRequest(InvocableHandlerMethod.java:191)
	at org.springframework.web.servlet.mvc.method.annotation.ServletInvocableHandlerMethod.invokeAndHandle(ServletInvocableHandlerMethod.java:118)
	at org.springframework.web.servlet.mvc.method.annotation.RequestMappingHandlerAdapter.invokeHandlerMethod(RequestMappingHandlerAdapter.java:991)
	at org.springframework.web.servlet.mvc.method.annotation.RequestMappingHandlerAdapter.handleInternal(RequestMappingHandlerAdapter.java:896)
	at org.springframework.web.servlet.mvc.method.AbstractHandlerMethodAdapter.handle(AbstractHandlerMethodAdapter.java:87)
	at org.springframework.web.servlet.DispatcherServlet.doDispatch(DispatcherServlet.java:1089)
	at org.springframework.web.servlet.DispatcherServlet.doService(DispatcherServlet.java:979)
	at org.springframework.web.servlet.FrameworkServlet.processRequest(FrameworkServlet.java:1014)
	at org.springframework.web.servlet.FrameworkServlet.doPost(FrameworkServlet.java:914)
	at jakarta.servlet.http.HttpServlet.service(HttpServlet.java:590)
	at org.springframework.web.servlet.FrameworkServlet.service(FrameworkServlet.java:885)
	at jakarta.servlet.http.HttpServlet.service(HttpServlet.java:658)
	at org.apache.catalina.core.ApplicationFilterChain.internalDoFilter(ApplicationFilterChain.java:195)
	at org.apache.catalina.core.ApplicationFilterChain.doFilter(ApplicationFilterChain.java:140)
	at org.apache.tomcat.websocket.server.WsFilter.doFilter(WsFilter.java:51)
	at org.apache.catalina.core.ApplicationFilterChain.internalDoFilter(ApplicationFilterChain.java:164)
	at org.apache.catalina.core.ApplicationFilterChain.doFilter(ApplicationFilterChain.java:140)
	at com.alipay.business.biz.service.impl.auth.JwtAuthenticationFilter.doFilterInternal(JwtAuthenticationFilter.java:52)
	at org.springframework.web.filter.OncePerRequestFilter.doFilter(OncePerRequestFilter.java:116)
	at org.apache.catalina.core.ApplicationFilterChain.internalDoFilter(ApplicationFilterChain.java:164)
	at org.apache.catalina.core.ApplicationFilterChain.doFilter(ApplicationFilterChain.java:140)
	at com.alipay.business.web.TraceIdFilter.doFilter(TraceIdFilter.java:46)
	at org.apache.catalina.core.ApplicationFilterChain.internalDoFilter(ApplicationFilterChain.java:164)
	at org.apache.catalina.core.ApplicationFilterChain.doFilter(ApplicationFilterChain.java:140)
	at org.springframework.web.filter.CompositeFilter$VirtualFilterChain.doFilter(CompositeFilter.java:108)
	at org.springframework.web.filter.CompositeFilter$VirtualFilterChain.doFilter(CompositeFilter.java:108)
	at org.springframework.security.web.FilterChainProxy.lambda$doFilterInternal$3(FilterChainProxy.java:231)
	at org.springframework.security.web.FilterChainProxy$VirtualFilterChain.doFilter(FilterChainProxy.java:365)
	at org.springframework.security.web.access.intercept.AuthorizationFilter.doFilter(AuthorizationFilter.java:101)
	at org.springframework.security.web.FilterChainProxy$VirtualFilterChain.doFilter(FilterChainProxy.java:374)
	at org.springframework.security.web.access.ExceptionTranslationFilter.doFilter(ExceptionTranslationFilter.java:125)
	at org.springframework.security.web.access.ExceptionTranslationFilter.doFilter(ExceptionTranslationFilter.java:119)
	at org.springframework.security.web.FilterChainProxy$VirtualFilterChain.doFilter(FilterChainProxy.java:374)
	at org.springframework.security.web.authentication.AnonymousAuthenticationFilter.doFilter(AnonymousAuthenticationFilter.java:100)
	at org.springframework.security.web.FilterChainProxy$VirtualFilterChain.doFilter(FilterChainProxy.java:374)
	at org.springframework.security.web.servletapi.SecurityContextHolderAwareRequestFilter.doFilter(SecurityContextHolderAwareRequestFilter.java:179)
	at org.springframework.security.web.FilterChainProxy$VirtualFilterChain.doFilter(FilterChainProxy.java:374)
	at org.springframework.security.web.savedrequest.RequestCacheAwareFilter.doFilter(RequestCacheAwareFilter.java:63)
	at org.springframework.security.web.FilterChainProxy$VirtualFilterChain.doFilter(FilterChainProxy.java:374)
	at org.springframework.security.web.authentication.logout.LogoutFilter.doFilter(LogoutFilter.java:107)
	at org.springframework.security.web.authentication.logout.LogoutFilter.doFilter(LogoutFilter.java:93)
	at org.springframework.security.web.FilterChainProxy$VirtualFilterChain.doFilter(FilterChainProxy.java:374)
	at org.springframework.web.filter.OncePerRequestFilter.doFilter(OncePerRequestFilter.java:110)
	at org.springframework.security.web.FilterChainProxy$VirtualFilterChain.doFilter(FilterChainProxy.java:374)
	at org.springframework.web.filter.CorsFilter.doFilterInternal(CorsFilter.java:91)
	at org.springframework.web.filter.OncePerRequestFilter.doFilter(OncePerRequestFilter.java:116)
	at org.springframework.security.web.FilterChainProxy$VirtualFilterChain.doFilter(FilterChainProxy.java:374)
	at org.springframework.security.web.header.HeaderWriterFilter.doHeadersAfter(HeaderWriterFilter.java:90)
	at org.springframework.security.web.header.HeaderWriterFilter.doFilterInternal(HeaderWriterFilter.java:75)
	at org.springframework.web.filter.OncePerRequestFilter.doFilter(OncePerRequestFilter.java:116)
	at org.springframework.security.web.FilterChainProxy$VirtualFilterChain.doFilter(FilterChainProxy.java:374)
	at org.springframework.security.web.context.SecurityContextHolderFilter.doFilter(SecurityContextHolderFilter.java:82)
	at org.springframework.security.web.context.SecurityContextHolderFilter.doFilter(SecurityContextHolderFilter.java:69)
	at org.springframework.security.web.FilterChainProxy$VirtualFilterChain.doFilter(FilterChainProxy.java:374)
	at org.springframework.security.web.context.request.async.WebAsyncManagerIntegrationFilter.doFilterInternal(WebAsyncManagerIntegrationFilter.java:62)
	at org.springframework.web.filter.OncePerRequestFilter.doFilter(OncePerRequestFilter.java:116)
	at org.springframework.security.web.FilterChainProxy$VirtualFilterChain.doFilter(FilterChainProxy.java:374)
	at org.springframework.security.web.session.DisableEncodeUrlFilter.doFilterInternal(DisableEncodeUrlFilter.java:42)
	at org.springframework.web.filter.OncePerRequestFilter.doFilter(OncePerRequestFilter.java:116)
	at org.springframework.security.web.FilterChainProxy$VirtualFilterChain.doFilter(FilterChainProxy.java:374)
	at org.springframework.security.web.FilterChainProxy.doFilterInternal(FilterChainProxy.java:233)
	at org.springframework.security.web.FilterChainProxy.doFilter(FilterChainProxy.java:191)
	at org.springframework.web.filter.CompositeFilter$VirtualFilterChain.doFilter(CompositeFilter.java:113)
	at org.springframework.web.filter.ServletRequestPathFilter.doFilter(ServletRequestPathFilter.java:52)
	at org.springframework.web.filter.CompositeFilter$VirtualFilterChain.doFilter(CompositeFilter.java:113)
	at org.springframework.web.filter.CompositeFilter.doFilter(CompositeFilter.java:74)
	at org.springframework.security.config.annotation.web.configuration.WebSecurityConfiguration$CompositeFilterChainProxy.doFilter(WebSecurityConfiguration.java:319)
	at org.springframework.web.filter.CompositeFilter$VirtualFilterChain.doFilter(CompositeFilter.java:113)
	at org.springframework.web.servlet.handler.HandlerMappingIntrospector.lambda$createCacheFilter$4(HandlerMappingIntrospector.java:267)
	at org.springframework.web.filter.CompositeFilter$VirtualFilterChain.doFilter(CompositeFilter.java:113)
	at org.springframework.web.filter.CompositeFilter.doFilter(CompositeFilter.java:74)
	at org.springframework.security.config.annotation.web.configuration.WebMvcSecurityConfiguration$CompositeFilterChainProxy.doFilter(WebMvcSecurityConfiguration.java:240)
	at org.springframework.web.filter.DelegatingFilterProxy.invokeDelegate(DelegatingFilterProxy.java:362)
	at org.springframework.web.filter.DelegatingFilterProxy.doFilter(DelegatingFilterProxy.java:278)
	at org.apache.catalina.core.ApplicationFilterChain.internalDoFilter(ApplicationFilterChain.java:164)
	at org.apache.catalina.core.ApplicationFilterChain.doFilter(ApplicationFilterChain.java:140)
	at org.springframework.web.filter.RequestContextFilter.doFilterInternal(RequestContextFilter.java:100)
	at org.springframework.web.filter.OncePerRequestFilter.doFilter(OncePerRequestFilter.java:116)
	at org.apache.catalina.core.ApplicationFilterChain.internalDoFilter(ApplicationFilterChain.java:164)
	at org.apache.catalina.core.ApplicationFilterChain.doFilter(ApplicationFilterChain.java:140)
	at org.springframework.web.filter.FormContentFilter.doFilterInternal(FormContentFilter.java:93)
	at org.springframework.web.filter.OncePerRequestFilter.doFilter(OncePerRequestFilter.java:116)
	at org.apache.catalina.core.ApplicationFilterChain.internalDoFilter(ApplicationFilterChain.java:164)
	at org.apache.catalina.core.ApplicationFilterChain.doFilter(ApplicationFilterChain.java:140)
	at org.springframework.web.filter.CharacterEncodingFilter.doFilterInternal(CharacterEncodingFilter.java:201)
	at org.springframework.web.filter.OncePerRequestFilter.doFilter(OncePerRequestFilter.java:116)
	at org.apache.catalina.core.ApplicationFilterChain.internalDoFilter(ApplicationFilterChain.java:164)
	at org.apache.catalina.core.ApplicationFilterChain.doFilter(ApplicationFilterChain.java:140)
	at org.apache.catalina.core.StandardWrapperValve.invoke(StandardWrapperValve.java:167)
	at org.apache.catalina.core.StandardContextValve.invoke(StandardContextValve.java:90)
	at org.apache.catalina.authenticator.AuthenticatorBase.invoke(AuthenticatorBase.java:483)
	at org.apache.catalina.core.StandardHostValve.invoke(StandardHostValve.java:116)
	at org.apache.catalina.valves.ErrorReportValve.invoke(ErrorReportValve.java:93)
	at org.apache.catalina.core.StandardEngineValve.invoke(StandardEngineValve.java:74)
	at org.apache.catalina.connector.CoyoteAdapter.service(CoyoteAdapter.java:344)
	at org.apache.coyote.http11.Http11Processor.service(Http11Processor.java:398)
	at org.apache.coyote.AbstractProcessorLight.process(AbstractProcessorLight.java:63)
	at org.apache.coyote.AbstractProtocol$ConnectionHandler.process(AbstractProtocol.java:903)
	at org.apache.tomcat.util.net.NioEndpoint$SocketProcessor.doRun(NioEndpoint.java:1776)
	at org.apache.tomcat.util.net.SocketProcessorBase.run(SocketProcessorBase.java:52)
	at org.apache.tomcat.util.threads.ThreadPoolExecutor.runWorker(ThreadPoolExecutor.java:975)
	at org.apache.tomcat.util.threads.ThreadPoolExecutor$Worker.run(ThreadPoolExecutor.java:493)
	at org.apache.tomcat.util.threads.TaskThread$WrappingRunnable.run(TaskThread.java:63)
	at java.base/java.lang.Thread.run(Thread.java:1583)
2026-04-26 11:39:30 INFO  traceId=9caa2120-61a5-4e35-b015-33eb6bb1b90d RISK-BIZ-SERVICE - service result[[com.alipay.business.common.service.facade.baseresult.BusinessBizResult@4e5df84b]] [request =[com.alipay.business.common.service.facade.request.GenerateQrCodeRequest@e08da66]
2026-04-26 11:39:30 INFO  traceId= org.apache.kafka.clients.NetworkClient - [Consumer clientId=consumer-business-center-1, groupId=business-center] Cancelled in-flight FETCH request with correlation id 120 due to node 1 being disconnected (elapsed time since creation: 337675ms, elapsed time since send: 337675ms, throttle time: 0ms, request timeout: 30000ms)
2026-04-26 11:39:30 INFO  traceId= org.apache.kafka.clients.NetworkClient - [Consumer clientId=consumer-business-center-2, groupId=business-center] Cancelled in-flight FETCH request with correlation id 121 due to node 1 being disconnected (elapsed time since creation: 337675ms, elapsed time since send: 337675ms, throttle time: 0ms, request timeout: 30000ms)
2026-04-26 11:39:30 INFO  traceId= org.apache.kafka.clients.NetworkClient - [Consumer clientId=consumer-topup-group-3, groupId=topup-group] Cancelled in-flight FETCH request with correlation id 120 due to node 1 being disconnected (elapsed time since creation: 337675ms, elapsed time since send: 337675ms, throttle time: 0ms, request timeout: 30000ms)
2026-04-26 11:39:30 INFO  traceId= org.apache.kafka.clients.FetchSessionHandler - [Consumer clientId=consumer-topup-group-3, groupId=topup-group] Error sending fetch request (sessionId=974925417, epoch=89) to node 1:
org.apache.kafka.common.errors.DisconnectException: null
2026-04-26 11:39:30 INFO  traceId= org.apache.kafka.clients.FetchSessionHandler - [Consumer clientId=consumer-business-center-2, groupId=business-center] Error sending fetch request (sessionId=1671336334, epoch=89) to node 1:
org.apache.kafka.common.errors.DisconnectException: null
2026-04-26 11:39:30 INFO  traceId= org.apache.kafka.clients.consumer.internals.ConsumerCoordinator - [Consumer clientId=consumer-topup-group-3, groupId=topup-group] Group coordinator localhost:9093 (id: 2147483646 rack: null) is unavailable or invalid due to cause: session timed out without receiving a heartbeat response. isDisconnected: false. Rediscovery will be attempted.
2026-04-26 11:39:30 INFO  traceId= org.apache.kafka.clients.consumer.internals.ConsumerCoordinator - [Consumer clientId=consumer-topup-group-3, groupId=topup-group] Requesting disconnect from last known coordinator localhost:9093 (id: 2147483646 rack: null)
2026-04-26 11:39:30 INFO  traceId= org.apache.kafka.clients.consumer.internals.ConsumerCoordinator - [Consumer clientId=consumer-business-center-2, groupId=business-center] Group coordinator localhost:9093 (id: 2147483646 rack: null) is unavailable or invalid due to cause: session timed out without receiving a heartbeat response. isDisconnected: false. Rediscovery will be attempted.
2026-04-26 11:39:30 INFO  traceId= org.apache.kafka.clients.consumer.internals.ConsumerCoordinator - [Consumer clientId=consumer-business-center-2, groupId=business-center] Requesting disconnect from last known coordinator localhost:9093 (id: 2147483646 rack: null)
2026-04-26 11:39:30 INFO  traceId= org.apache.kafka.clients.NetworkClient - [Consumer clientId=consumer-business-center-2, groupId=business-center] Client requested disconnect from node 2147483646
2026-04-26 11:39:30 INFO  traceId= org.apache.kafka.clients.FetchSessionHandler - [Consumer clientId=consumer-business-center-1, groupId=business-center] Error sending fetch request (sessionId=256263864, epoch=89) to node 1:
org.apache.kafka.common.errors.DisconnectException: null
2026-04-26 11:39:30 INFO  traceId= org.apache.kafka.clients.consumer.internals.ConsumerCoordinator - [Consumer clientId=consumer-business-center-1, groupId=business-center] Group coordinator localhost:9093 (id: 2147483646 rack: null) is unavailable or invalid due to cause: session timed out without receiving a heartbeat response. isDisconnected: false. Rediscovery will be attempted.
2026-04-26 11:39:30 INFO  traceId= org.apache.kafka.clients.consumer.internals.ConsumerCoordinator - [Consumer clientId=consumer-business-center-1, groupId=business-center] Requesting disconnect from last known coordinator localhost:9093 (id: 2147483646 rack: null)
2026-04-26 11:39:30 INFO  traceId= org.apache.kafka.clients.NetworkClient - [Consumer clientId=consumer-business-center-1, groupId=business-center] Client requested disconnect from node 2147483646
2026-04-26 11:39:30 INFO  traceId=9caa2120-61a5-4e35-b015-33eb6bb1b90d com.alipay.business.web.TraceIdFilter - Finished request: POST /business/qr/generateQrCode.json - Status: 200
2026-04-26 11:39:30 INFO  traceId= org.apache.kafka.clients.NetworkClient - [Consumer clientId=consumer-topup-group-3, groupId=topup-group] Client requested disconnect from node 2147483646
2026-04-26 11:39:30 INFO  traceId= org.apache.kafka.clients.consumer.internals.ConsumerCoordinator - [Consumer clientId=consumer-business-center-2, groupId=business-center] Discovered group coordinator localhost:9093 (id: 2147483646 rack: null)
2026-04-26 11:39:30 INFO  traceId= org.apache.kafka.clients.consumer.internals.ConsumerCoordinator - [Consumer clientId=consumer-topup-group-3, groupId=topup-group] Discovered group coordinator localhost:9093 (id: 2147483646 rack: null)
2026-04-26 11:39:30 INFO  traceId= org.apache.kafka.clients.consumer.internals.ConsumerCoordinator - [Consumer clientId=consumer-topup-group-3, groupId=topup-group] Group coordinator localhost:9093 (id: 2147483646 rack: null) is unavailable or invalid due to cause: coordinator unavailable. isDisconnected: false. Rediscovery will be attempted.
2026-04-26 11:39:30 INFO  traceId= org.apache.kafka.clients.consumer.internals.ConsumerCoordinator - [Consumer clientId=consumer-topup-group-3, groupId=topup-group] Requesting disconnect from last known coordinator localhost:9093 (id: 2147483646 rack: null)
2026-04-26 11:39:30 INFO  traceId= org.apache.kafka.clients.consumer.internals.ConsumerCoordinator - [Consumer clientId=consumer-business-center-1, groupId=business-center] Discovered group coordinator localhost:9093 (id: 2147483646 rack: null)
2026-04-26 11:39:30 INFO  traceId= org.springframework.web.socket.config.WebSocketMessageBrokerStats - WebSocketSession[0 current WS(0)-HttpStream(0)-HttpPoll(0), 0 total, 0 closed abnormally (0 connect failure, 0 send limit, 0 transport error)], stompSubProtocol[processed CONNECT(0)-CONNECTED(0)-DISCONNECT(0)], stompBrokerRelay[null], inboundChannel[pool size = 0, active threads = 0, queued tasks = 0, completed tasks = 0], outboundChannel[pool size = 0, active threads = 0, queued tasks = 0, completed tasks = 0], sockJsScheduler[pool size = 1, active threads = 1, queued tasks = 0, completed tasks = 0]
2026-04-26 11:39:30 INFO  traceId= org.apache.kafka.clients.consumer.internals.ConsumerCoordinator - [Consumer clientId=consumer-business-center-1, groupId=business-center] Attempt to heartbeat with Generation{generationId=313, memberId='consumer-business-center-1-6ea1e38e-8cd5-4e83-9e6c-858dffe5410d', protocol='range'} and group instance id Optional.empty failed due to UNKNOWN_MEMBER_ID, resetting generation
2026-04-26 11:39:30 INFO  traceId= org.apache.kafka.clients.consumer.internals.ConsumerCoordinator - [Consumer clientId=consumer-business-center-2, groupId=business-center] Attempt to heartbeat with Generation{generationId=313, memberId='consumer-business-center-2-eafa314f-2d23-4458-8c36-5930a3f8891a', protocol='range'} and group instance id Optional.empty failed due to UNKNOWN_MEMBER_ID, resetting generation
2026-04-26 11:39:30 INFO  traceId= org.apache.kafka.clients.consumer.internals.ConsumerCoordinator - [Consumer clientId=consumer-business-center-2, groupId=business-center] Resetting generation and member id due to: encountered UNKNOWN_MEMBER_ID from HEARTBEAT response
2026-04-26 11:39:30 INFO  traceId= org.apache.kafka.clients.consumer.internals.ConsumerCoordinator - [Consumer clientId=consumer-business-center-1, groupId=business-center] Resetting generation and member id due to: encountered UNKNOWN_MEMBER_ID from HEARTBEAT response
2026-04-26 11:39:30 INFO  traceId= org.apache.kafka.clients.consumer.internals.ConsumerCoordinator - [Consumer clientId=consumer-business-center-2, groupId=business-center] Request joining group due to: encountered UNKNOWN_MEMBER_ID from HEARTBEAT response
2026-04-26 11:39:30 INFO  traceId= org.apache.kafka.clients.consumer.internals.ConsumerCoordinator - [Consumer clientId=consumer-business-center-1, groupId=business-center] Request joining group due to: encountered UNKNOWN_MEMBER_ID from HEARTBEAT response
2026-04-26 11:39:30 INFO  traceId= org.apache.kafka.clients.consumer.internals.ConsumerCoordinator - [Consumer clientId=consumer-business-center-1, groupId=business-center] Giving away all assigned partitions as lost since generation/memberID has been reset,indicating that consumer is in old state or no longer part of the group
2026-04-26 11:39:30 INFO  traceId= org.apache.kafka.clients.consumer.internals.ConsumerCoordinator - [Consumer clientId=consumer-business-center-2, groupId=business-center] Giving away all assigned partitions as lost since generation/memberID has been reset,indicating that consumer is in old state or no longer part of the group
2026-04-26 11:39:30 INFO  traceId= org.apache.kafka.clients.consumer.internals.ConsumerRebalanceListenerInvoker - [Consumer clientId=consumer-business-center-2, groupId=business-center] Lost previously assigned partitions EC_AUTO_RELOAD-0
2026-04-26 11:39:30 INFO  traceId= org.apache.kafka.clients.consumer.internals.ConsumerRebalanceListenerInvoker - [Consumer clientId=consumer-business-center-1, groupId=business-center] Lost previously assigned partitions EC_TRANSACTION_RESULT-0
2026-04-26 11:39:30 INFO  traceId= org.springframework.kafka.listener.KafkaMessageListenerContainer - business-center: partitions lost: [EC_AUTO_RELOAD-0]
2026-04-26 11:39:30 INFO  traceId= org.springframework.kafka.listener.KafkaMessageListenerContainer - business-center: partitions lost: [EC_TRANSACTION_RESULT-0]
2026-04-26 11:39:30 INFO  traceId= org.springframework.kafka.listener.KafkaMessageListenerContainer - business-center: partitions revoked: [EC_AUTO_RELOAD-0]
2026-04-26 11:39:30 INFO  traceId= org.springframework.kafka.listener.KafkaMessageListenerContainer - business-center: partitions revoked: [EC_TRANSACTION_RESULT-0]
2026-04-26 11:39:30 INFO  traceId= org.apache.kafka.clients.consumer.internals.ConsumerCoordinator - [Consumer clientId=consumer-business-center-2, groupId=business-center] (Re-)joining group
2026-04-26 11:39:30 INFO  traceId= org.apache.kafka.clients.consumer.internals.ConsumerCoordinator - [Consumer clientId=consumer-business-center-1, groupId=business-center] (Re-)joining group
2026-04-26 11:39:30 INFO  traceId= org.apache.kafka.clients.consumer.internals.ConsumerCoordinator - [Consumer clientId=consumer-business-center-2, groupId=business-center] Request joining group due to: need to re-join with the given member-id: consumer-business-center-2-203e856d-de6a-4a4b-be78-64c5119d2c14
2026-04-26 11:39:30 INFO  traceId= org.apache.kafka.clients.consumer.internals.ConsumerCoordinator - [Consumer clientId=consumer-business-center-2, groupId=business-center] (Re-)joining group
2026-04-26 11:39:30 INFO  traceId= org.apache.kafka.clients.consumer.internals.ConsumerCoordinator - [Consumer clientId=consumer-business-center-1, groupId=business-center] Request joining group due to: need to re-join with the given member-id: consumer-business-center-1-3a3a9fd5-ebe6-401e-afbc-a198dd3fa6f4
2026-04-26 11:39:30 INFO  traceId= org.apache.kafka.clients.consumer.internals.ConsumerCoordinator - [Consumer clientId=consumer-business-center-1, groupId=business-center] (Re-)joining group
2026-04-26 11:39:30 INFO  traceId= org.apache.kafka.clients.consumer.internals.ConsumerCoordinator - [Consumer clientId=consumer-business-center-1, groupId=business-center] Member consumer-business-center-1-3a3a9fd5-ebe6-401e-afbc-a198dd3fa6f4 sending LeaveGroup request to coordinator localhost:9093 (id: 2147483646 rack: null) due to the consumer unsubscribed from all topics
2026-04-26 11:39:30 INFO  traceId= org.apache.kafka.clients.consumer.internals.ConsumerCoordinator - [Consumer clientId=consumer-business-center-2, groupId=business-center] Member consumer-business-center-2-203e856d-de6a-4a4b-be78-64c5119d2c14 sending LeaveGroup request to coordinator localhost:9093 (id: 2147483646 rack: null) due to the consumer unsubscribed from all topics
2026-04-26 11:39:30 INFO  traceId= org.apache.kafka.clients.consumer.internals.ConsumerCoordinator - [Consumer clientId=consumer-business-center-2, groupId=business-center] Resetting generation and member id due to: consumer pro-actively leaving the group
2026-04-26 11:39:30 INFO  traceId= org.apache.kafka.clients.consumer.internals.ConsumerCoordinator - [Consumer clientId=consumer-business-center-2, groupId=business-center] Request joining group due to: consumer pro-actively leaving the group
2026-04-26 11:39:30 INFO  traceId= org.apache.kafka.clients.consumer.internals.ConsumerCoordinator - [Consumer clientId=consumer-business-center-1, groupId=business-center] Resetting generation and member id due to: consumer pro-actively leaving the group
2026-04-26 11:39:30 INFO  traceId= org.apache.kafka.clients.consumer.internals.ConsumerCoordinator - [Consumer clientId=consumer-business-center-1, groupId=business-center] Request joining group due to: consumer pro-actively leaving the group
2026-04-26 11:39:30 INFO  traceId= org.apache.kafka.clients.consumer.internals.ClassicKafkaConsumer - [Consumer clientId=consumer-business-center-1, groupId=business-center] Unsubscribed all topics or patterns and assigned partitions
2026-04-26 11:39:30 INFO  traceId= org.apache.kafka.clients.consumer.internals.ClassicKafkaConsumer - [Consumer clientId=consumer-business-center-2, groupId=business-center] Unsubscribed all topics or patterns and assigned partitions
2026-04-26 11:39:30 INFO  traceId= org.apache.kafka.clients.consumer.internals.ConsumerCoordinator - [Consumer clientId=consumer-business-center-2, groupId=business-center] Resetting generation and member id due to: consumer pro-actively leaving the group
2026-04-26 11:39:30 INFO  traceId= org.apache.kafka.clients.consumer.internals.ConsumerCoordinator - [Consumer clientId=consumer-business-center-1, groupId=business-center] Resetting generation and member id due to: consumer pro-actively leaving the group
2026-04-26 11:39:30 INFO  traceId= org.apache.kafka.clients.consumer.internals.ConsumerCoordinator - [Consumer clientId=consumer-business-center-2, groupId=business-center] Request joining group due to: consumer pro-actively leaving the group
2026-04-26 11:39:30 INFO  traceId= org.apache.kafka.clients.consumer.internals.ConsumerCoordinator - [Consumer clientId=consumer-business-center-1, groupId=business-center] Request joining group due to: consumer pro-actively leaving the group
